New log file opened at Tue Dec 13 23:15:06 CET 2016 by 30460@HP
Sending msg to client activator-dea313bb-f111-4d3e-9f89-2c0c723b2117: DetachedLogEvent(LogMessage(debug,sbt server socket logs are in: C:\Users\Korisnik\Bikee\.sbtserver\connections\master.log))
Sending msg to client activator-dea313bb-f111-4d3e-9f89-2c0c723b2117: DetachedLogEvent(LogMessage(debug,sbt general server logs are in: C:\Users\Korisnik\Bikee\.sbtserver\master.log))
Sending msg to client activator-dea313bb-f111-4d3e-9f89-2c0c723b2117: DetachedLogEvent(LogMessage(debug,sbt client logs are in: C:\Users\Korisnik\Bikee\.sbtserver\connections\activator-dea313bb-f111-4d3e-9f89-2c0c723b2117.log))
Reading next message from client.
Got request: ListenToEvents()
Reading next message from client.
Got request: ListenToBuildChange()
Reading next message from client.
Got request: SendSyntheticBuildChanged()
Reading next message from client.
Got request: KeyLookupRequest(discoveredMainClasses)
Reading next message from client.
Got request: KeyLookupRequest(mainClass)
Reading next message from client.
Got request: KillServerRequest()
Reading next message from client.
Got request: KillServerRequest()
Reading next message from client.
Got request: KillServerRequest()
Reading next message from client.
Got request: ExecutionRequest(compile)
Reading next message from client.
Client activator-dea313bb-f111-4d3e-9f89-2c0c723b2117 closed, java.net.SocketException: Connection reset, shutting down
Stopping client.
Client activator-dea313bb-f111-4d3e-9f89-2c0c723b2117 thread exiting.
